2017-03-26T05:10:13.030Z - normal: Load ~/.CocosCreator/settings.json
2017-03-26T05:10:13.030Z - normal: checking language setting...
2017-03-26T05:10:13.030Z - normal: Language: zh
2017-03-26T05:10:14.121Z - success: protocol editor-framework registered
2017-03-26T05:10:14.121Z - success: protocol app registered
2017-03-26T05:10:14.121Z - success: protocol packages registered
2017-03-26T05:10:14.121Z - success: protocol theme registered
2017-03-26T05:10:14.121Z - success: protocol unpack registerred
2017-03-26T05:10:14.325Z - normal: connected!
2017-03-26T05:10:14.331Z - normal: Check project C:\Users\user\Desktop\mahjong\mahjong_client\dealers\client
2017-03-26T05:10:14.331Z - normal: Initializing Cocos Creator Editor
2017-03-26T05:10:14.870Z - normal: Initializing Cocos2d
2017-03-26T05:10:15.179Z - normal: Initializing Asset Database
2017-03-26T05:10:15.218Z - success: protocol uuid registerred
2017-03-26T05:10:15.218Z - success: protocol db registerred
2017-03-26T05:10:15.218Z - success: protocol thumbnail registerred
2017-03-26T05:10:15.219Z - normal: Loading editor/builtin packages
2017-03-26T05:10:15.368Z - success: assets loaded
2017-03-26T05:10:15.371Z - success: builder loaded
2017-03-26T05:10:15.374Z - success: hierarchy loaded
2017-03-26T05:10:15.376Z - success: inspector loaded
2017-03-26T05:10:15.377Z - success: keystore loaded
2017-03-26T05:10:15.379Z - success: node-library loaded
2017-03-26T05:10:15.384Z - success: preferences loaded
2017-03-26T05:10:15.396Z - success: project-importer loaded
2017-03-26T05:10:15.397Z - success: project-settings loaded
2017-03-26T05:10:15.399Z - success: ui-kit loaded
2017-03-26T05:10:15.406Z - success: ui-grid loaded
2017-03-26T05:10:15.409Z - success: scene loaded
2017-03-26T05:10:15.410Z - success: sprite-editor loaded
2017-03-26T05:10:15.416Z - success: timeline loaded
2017-03-26T05:10:15.416Z - normal: Loading builtin packages
2017-03-26T05:10:15.423Z - success: asset-db-debugger loaded
2017-03-26T05:10:15.424Z - success: code-editor loaded
2017-03-26T05:10:15.425Z - success: color-picker loaded
2017-03-26T05:10:15.427Z - success: console loaded
2017-03-26T05:10:15.429Z - success: package-manager loaded
2017-03-26T05:10:15.431Z - success: tester loaded
2017-03-26T05:10:15.432Z - success: ui-kit-preview-extra loaded
2017-03-26T05:10:15.433Z - success: ui-kit-preview loaded
2017-03-26T05:10:15.434Z - success: ui-tree loaded
2017-03-26T05:10:15.451Z - normal: Initializing project C:\Users\user\Desktop\mahjong\mahjong_client\dealers\client
2017-03-26T05:10:15.467Z - normal: Loading packages
2017-03-26T05:10:15.473Z - normal: Watching packages
2017-03-26T05:10:15.488Z - normal: Run Application
2017-03-26T05:10:18.790Z - success: preview server running at http://localhost:7456
2017-03-26T05:10:18.791Z - normal: Compiling scripts...
2017-03-26T05:10:20.606Z - normal: Compiled successfully
2017-03-26T05:10:24.059Z - normal: 1.3.2
