2018-01-15T14:32:11.429Z - normal: Load ~/.CocosCreator/settings.json
2018-01-15T14:32:11.435Z - normal: checking language setting...
2018-01-15T14:32:11.435Z - normal: Language: zh
2018-01-15T14:32:12.514Z - success: protocol editor-framework registered
2018-01-15T14:32:12.514Z - success: protocol app registered
2018-01-15T14:32:12.515Z - success: protocol packages registered
2018-01-15T14:32:12.515Z - success: protocol theme registered
2018-01-15T14:32:12.515Z - success: protocol unpack registerred
2018-01-15T14:32:12.816Z - normal: connected!
2018-01-15T14:32:12.819Z - normal: Check project C:\Users\Jonathan\Desktop\TinyMahjong\mahjong_client\client
2018-01-15T14:32:12.821Z - normal: Initializing Cocos Creator Editor
2018-01-15T14:32:13.193Z - normal: Initializing Cocos2d
2018-01-15T14:32:13.444Z - normal: Initializing Asset Database
2018-01-15T14:32:13.469Z - success: protocol uuid registerred
2018-01-15T14:32:13.470Z - success: protocol db registerred
2018-01-15T14:32:13.470Z - success: protocol thumbnail registerred
2018-01-15T14:32:13.470Z - normal: Loading editor/builtin packages
2018-01-15T14:32:13.603Z - success: assets loaded
2018-01-15T14:32:13.605Z - success: builder loaded
2018-01-15T14:32:13.609Z - success: hierarchy loaded
2018-01-15T14:32:13.612Z - success: inspector loaded
2018-01-15T14:32:13.613Z - success: keystore loaded
2018-01-15T14:32:13.620Z - success: node-library loaded
2018-01-15T14:32:13.622Z - success: preferences loaded
2018-01-15T14:32:13.635Z - success: project-importer loaded
2018-01-15T14:32:13.637Z - success: project-settings loaded
2018-01-15T14:32:13.639Z - success: ui-kit loaded
2018-01-15T14:32:13.641Z - success: ui-grid loaded
2018-01-15T14:32:13.644Z - success: scene loaded
2018-01-15T14:32:13.645Z - success: sprite-editor loaded
2018-01-15T14:32:13.650Z - success: timeline loaded
2018-01-15T14:32:13.650Z - normal: Loading builtin packages
2018-01-15T14:32:13.654Z - success: asset-db-debugger loaded
2018-01-15T14:32:13.655Z - success: code-editor loaded
2018-01-15T14:32:13.656Z - success: color-picker loaded
2018-01-15T14:32:13.660Z - success: console loaded
2018-01-15T14:32:13.662Z - success: package-manager loaded
2018-01-15T14:32:13.666Z - success: tester loaded
2018-01-15T14:32:13.667Z - success: ui-kit-preview-extra loaded
2018-01-15T14:32:13.669Z - success: ui-kit-preview loaded
2018-01-15T14:32:13.670Z - success: ui-tree loaded
2018-01-15T14:32:13.707Z - normal: Initializing project C:\Users\Jonathan\Desktop\TinyMahjong\mahjong_client\client
2018-01-15T14:32:13.714Z - normal: Loading packages
2018-01-15T14:32:13.718Z - normal: Watching packages
2018-01-15T14:32:13.729Z - normal: Run Application
2018-01-15T14:32:15.679Z - success: preview server running at http://localhost:7456
2018-01-15T14:32:18.615Z - normal: 1.3.2
2018-01-15T14:34:40.974Z - normal: Compiled successfully
2018-01-15T14:34:52.184Z - normal: Compiled successfully
